<?xml version="1.0" encoding="UTF-8"?>
<!-- Generated by org.testng.reporters.JUnitReportReporter -->
<testsuite hostname="Athira" failures="0" tests="3" name="testScript.ManageNewsTest" time="16.346" errors="0" timestamp="2025-03-19T23:40:49 IST" skipped="0">
  <testcase classname="testScript.ManageNewsTest" name="createNewNewsInManageNews" time="6.995"/>
  <system-out/>
  <testcase classname="testScript.ManageNewsTest" name="refreshPageUsingTheResetButton" time="4.862"/>
  <system-out/>
  <testcase classname="testScript.ManageNewsTest" name="searchNewsInManageNews" time="4.489"/>
  <system-out/>
</testsuite> <!-- testScript.ManageNewsTest -->
