<?xml version="1.0" encoding="UTF-8"?>
<!-- Generated by org.testng.reporters.JUnitReportReporter -->
<testsuite hostname="Athira" failures="0" tests="1" name="testScript.SubCategoryTest" time="7.281" errors="0" timestamp="2025-03-19T23:36:13 IST" skipped="0">
  <testcase classname="testScript.SubCategoryTest" name="searchItemsInTheSubCategoryList" time="7.281"/>
  <system-out/>
</testsuite> <!-- testScript.SubCategoryTest -->
