<?xml version="1.0" encoding="UTF-8"?>
<!-- Generated by org.testng.reporters.JUnitReportReporter -->
<testsuite hostname="Athira" failures="0" tests="3" name="testScript.ManageNews" time="13.675" errors="0" timestamp="2025-03-11T12:34:31 IST" skipped="0">
  <testcase classname="testScript.ManageNews" name="refreshPageUsingTheResetButton" time="4.206"/>
  <system-out/>
  <testcase classname="testScript.ManageNews" name="searchNewsInManageNews" time="4.529"/>
  <system-out/>
  <testcase classname="testScript.ManageNews" name="createNewNewsInManageNews" time="4.940"/>
  <system-out/>
</testsuite> <!-- testScript.ManageNews -->
