<?xml version="1.0" encoding="UTF-8"?>
<!-- Generated by org.testng.reporters.JUnitReportReporter -->
<testsuite hostname="Athira" failures="0" tests="1" name="testScript.HomeTest" time="6.704" errors="0" timestamp="2025-03-19T23:19:31 IST" skipped="0">
  <testcase classname="testScript.HomeTest" name="verifyUserLogoutFromPage" time="6.704"/>
  <system-out/>
</testsuite> <!-- testScript.HomeTest -->
